app/build/outputs/logs/manifest-merger-release-report.txt
-- Merging decision tree log ---
manifest
ADDED from src/main/AndroidManifest.xml:2:1-162:12
INJECTED from src/main/AndroidManifest.xml:2:1-162:12
INJECTED from src/main/AndroidManifest.xml:2:1-162:12
INJECTED from src/main/AndroidManifest.xml:2:1-162:12
MERGED from [com.airbnb.android:lottie:2.5.1] AndroidManifest.xml:2:1-14:12
MERGED from [com.android.support:design:27.1.1] AndroidManifest.xml:17:1-22:12
MERGED from [com.amitshekhar.android:android-networking:1.0.1] AndroidManifest.xml:18:1-27:12
MERGED from [com.github.santalu:aspect-ratio-imageview:1.0.3] AndroidManifest.xml:2:1-14:12
MERGED from [com.jsibbold:zoomage:1.1.0] AndroidManifest.xml:2:1-12:12
MERGED from [com.github.esafirm.android-image-picker:imagepicker:1.12.0] AndroidManifest.xml:2:1-32:12
MERGED from [com.riyagayasen.android:easyaccordion:1.0.3] AndroidManifest.xml:2:1-17:12
MERGED from [com.theartofdev.edmodo:android-image-cropper:2.7.0] AndroidManifest.xml:2:1-11:12
MERGED from [com.android.support:appcompat-v7:27.1.1] AndroidManifest.xml:17:1-22:12
MERGED from [com.android.support.constraint:constraint-layout:1.1.0] AndroidManifest.xml:2:1-11:12
MERGED from [jp.wasabeef:picasso-transformations:2.2.1] AndroidManifest.xml:2:1-12:12
MERGED from [com.squareup.picasso:picasso:2.71828] AndroidManifest.xml:2:1-14:12
MERGED from [com.google.android.gms:play-services-maps:15.0.0] AndroidManifest.xml:17:1-32:12
MERGED from [com.journeyapps:zxing-android-embedded:3.2.0] AndroidManifest.xml:17:1-55:12
MERGED from [me.relex:circleindicator:1.2.2] AndroidManifest.xml:2:1-12:12
MERGED from [com.android.support:cardview-v7:27.1.1] AndroidManifest.xml:17:1-22:12
MERGED from [com.alibaba.android:ultraviewpager:1.0.7.7] AndroidManifest.xml:27:1-36:12
MERGED from [com.google.firebase:firebase-core:15.0.0] AndroidManifest.xml:2:1-9:12
MERGED from [com.google.firebase:firebase-analytics:15.0.2] AndroidManifest.xml:17:1-55:12
MERGED from [com.google.firebase:firebase-analytics-impl:15.0.2] AndroidManifest.xml:17:1-41:12
MERGED from [com.google.firebase:firebase-iid:15.1.0] AndroidManifest.xml:17:1-65:12
MERGED from [com.google.firebase:firebase-iid-interop:15.0.0] AndroidManifest.xml:2:1-10:12
MERGED from [com.google.android.gms:play-services-base:15.0.1] AndroidManifest.xml:17:1-29:12
MERGED from [com.google.firebase:firebase-common:15.0.1] AndroidManifest.xml:2:1-15:12
MERGED from [com.google.android.gms:play-services-tasks:15.0.1] AndroidManifest.xml:2:1-9:12
MERGED from [com.google.android.gms:play-services-stats:15.0.1] AndroidManifest.xml:2:1-9:12
MERGED from [com.google.android.gms:play-services-ads-identifier:15.0.1] AndroidManifest.xml:17:1-24:12
MERGED from [com.google.android.gms:play-services-basement:15.0.1] AndroidManifest.xml:17:1-28:12
MERGED from [com.github.barteksc:android-pdf-viewer:2.8.2] AndroidManifest.xml:2:1-11:12
MERGED from [com.github.barteksc:pdfium-android:1.7.1] AndroidManifest.xml:2:1-11:12
MERGED from [com.android.support:support-v4:27.1.1] AndroidManifest.xml:17:1-22:12
MERGED from [jp.wasabeef:recyclerview-animators:2.3.0] AndroidManifest.xml:2:1-12:12
MERGED from [io.supercharge:shimmerlayout:2.1.0] AndroidManifest.xml:2:1-14:12
MERGED from [com.android.support:transition:27.1.1] AndroidManifest.xml:17:1-22:12
MERGED from [com.github.bumptech.glide:glide:4.5.0] AndroidManifest.xml:2:1-13:12
MERGED from [com.github.bumptech.glide:gifdecoder:4.5.0] AndroidManifest.xml:2:1-11:12
MERGED from [com.android.support:animated-vector-drawable:27.1.1] AndroidManifest.xml:17:1-22:12
MERGED from [com.android.support:recyclerview-v7:27.1.1] AndroidManifest.xml:17:1-22:12
MERGED from [com.android.support:support-fragment:27.1.1] AndroidManifest.xml:17:1-22:12
MERGED from [com.android.support:support-core-ui:27.1.1] AndroidManifest.xml:17:1-22:12
MERGED from [com.android.support:support-core-utils:27.1.1] AndroidManifest.xml:17:1-22:12
MERGED from [com.android.support:support-vector-drawable:27.1.1] AndroidManifest.xml:17:1-22:12
MERGED from [com.android.support:support-media-compat:27.1.1] AndroidManifest.xml:17:1-22:12
MERGED from [com.android.support:support-compat:27.1.1] AndroidManifest.xml:17:1-22:12
MERGED from [com.android.support:exifinterface:27.1.1] AndroidManifest.xml:17:1-22:12
MERGED from [com.google.android.gms:play-services-measurement-base:15.0.2] AndroidManifest.xml:17:1-24:12
MERGED from [android.arch.lifecycle:runtime:1.1.0] AndroidManifest.xml:17:1-22:12
MERGED from [android.arch.lifecycle:livedata-core:1.1.0] AndroidManifest.xml:17:1-22:12
MERGED from [android.arch.core:runtime:1.1.0] AndroidManifest.xml:17:1-22:12
MERGED from [android.arch.lifecycle:viewmodel:1.1.0] AndroidManifest.xml:17:1-22:12
INJECTED from src/main/AndroidManifest.xml:2:1-162:12
INJECTED from src/main/AndroidManifest.xml:2:1-162:12
INJECTED from src/main/AndroidManifest.xml:2:1-162:12
	package
		ADDED from src/main/AndroidManifest.xml:4:5-27
		INJECTED from src/main/AndroidManifest.xml
		INJECTED from src/main/AndroidManifest.xml
	android:versionName
		INJECTED from src/main/AndroidManifest.xml
		ADDED from src/main/AndroidManifest.xml:2:1-162:12
		INJECTED from src/main/AndroidManifest.xml
	xmlns:tools
		ADDED from src/main/AndroidManifest.xml:3:5-51
	android:versionCode
		INJECTED from src/main/AndroidManifest.xml
		ADDED from src/main/AndroidManifest.xml:2:1-162:12
		INJECTED from src/main/AndroidManifest.xml
	xmlns:android
		ADDED from src/main/AndroidManifest.xml:2:11-69
uses-permission#android.permission.ACCESS_COARSE_LOCATION
ADDED from src/main/AndroidManifest.xml:6:5-81
	android:name
		ADDED from src/main/AndroidManifest.xml:6:22-78
uses-permission#android.permission.ACCESS_FINE_LOCATION
ADDED from src/main/AndroidManifest.xml:7:5-79
	android:name
		ADDED from src/main/AndroidManifest.xml:7:22-76
uses-permission#android.permission.WRITE_EXTERNAL_STORAGE
ADDED from src/main/AndroidManifest.xml:8:5-80
MERGED from [com.github.esafirm.android-image-picker:imagepicker:1.12.0] AndroidManifest.xml:12:5-81
MERGED from [com.github.esafirm.android-image-picker:imagepicker:1.12.0] AndroidManifest.xml:12:5-81
	android:name
		ADDED from src/main/AndroidManifest.xml:8:22-78
uses-permission#android.permission.READ_EXTERNAL_STORAGE
ADDED from src/main/AndroidManifest.xml:9:5-80
MERGED from [com.github.esafirm.android-image-picker:imagepicker:1.12.0] AndroidManifest.xml:11:5-80
MERGED from [com.github.esafirm.android-image-picker:imagepicker:1.12.0] AndroidManifest.xml:11:5-80
	android:name
		ADDED from src/main/AndroidManifest.xml:9:22-77
uses-permission#android.permission.INTERNET
ADDED from src/main/AndroidManifest.xml:11:5-67
MERGED from [com.google.android.gms:play-services-maps:15.0.0] AndroidManifest.xml:24:5-67
MERGED from [com.google.android.gms:play-services-maps:15.0.0] AndroidManifest.xml:24:5-67
MERGED from [com.google.firebase:firebase-analytics:15.0.2] AndroidManifest.xml:23:5-67
MERGED from [com.google.firebase:firebase-analytics:15.0.2] AndroidManifest.xml:23:5-67
MERGED from [com.google.firebase:firebase-analytics-impl:15.0.2] AndroidManifest.xml:23:5-67
MERGED from [com.google.firebase:firebase-analytics-impl:15.0.2] AndroidManifest.xml:23:5-67
MERGED from [com.google.firebase:firebase-iid:15.1.0] AndroidManifest.xml:23:5-67
MERGED from [com.google.firebase:firebase-iid:15.1.0] AndroidManifest.xml:23:5-67
	android:name
		ADDED from src/main/AndroidManifest.xml:11:22-64
uses-permission#android.permission.CAMERA
ADDED from src/main/AndroidManifest.xml:12:5-64
MERGED from [com.github.esafirm.android-image-picker:imagepicker:1.12.0] AndroidManifest.xml:13:5-65
MERGED from [com.github.esafirm.android-image-picker:imagepicker:1.12.0] AndroidManifest.xml:13:5-65
MERGED from [com.journeyapps:zxing-android-embedded:3.2.0] AndroidManifest.xml:21:5-65
MERGED from [com.journeyapps:zxing-android-embedded:3.2.0] AndroidManifest.xml:21:5-65
	android:name
		ADDED from src/main/AndroidManifest.xml:12:22-62
uses-permission#android.permission.ACCESS_NETWORK_STATE
ADDED from src/main/AndroidManifest.xml:13:5-79
MERGED from [com.google.android.gms:play-services-maps:15.0.0] AndroidManifest.xml:23:5-79
MERGED from [com.google.android.gms:play-services-maps:15.0.0] AndroidManifest.xml:23:5-79
MERGED from [com.google.firebase:firebase-analytics:15.0.2] AndroidManifest.xml:24:5-79
MERGED from [com.google.firebase:firebase-analytics:15.0.2] AndroidManifest.xml:24:5-79
MERGED from [com.google.firebase:firebase-analytics-impl:15.0.2] AndroidManifest.xml:24:5-79
MERGED from [com.google.firebase:firebase-analytics-impl:15.0.2] AndroidManifest.xml:24:5-79
MERGED from [com.google.firebase:firebase-iid:15.1.0] AndroidManifest.xml:22:5-79
MERGED from [com.google.firebase:firebase-iid:15.1.0] AndroidManifest.xml:22:5-79
	android:name
		ADDED from src/main/AndroidManifest.xml:13:22-76
uses-permission#android.permission.READ_SMS
ADDED from src/main/AndroidManifest.xml:14:5-67
	android:name
		ADDED from src/main/AndroidManifest.xml:14:22-64
uses-permission#android.permission.RECEIVE_SMS
ADDED from src/main/AndroidManifest.xml:15:5-70
	android:name
		ADDED from src/main/AndroidManifest.xml:15:22-67
uses-permission#com.google.android.providers.gsf.permission.READ_GSERVICES
ADDED from src/main/AndroidManifest.xml:16:5-98
	android:name
		ADDED from src/main/AndroidManifest.xml:16:22-95
uses-permission#android.permission.BLUETOOTH
ADDED from src/main/AndroidManifest.xml:18:5-68
	android:name
		ADDED from src/main/AndroidManifest.xml:18:22-65
uses-permission#android.permission.BLUETOOTH_ADMIN
ADDED from src/main/AndroidManifest.xml:19:5-74
	android:name
		ADDED from src/main/AndroidManifest.xml:19:22-71
application
ADDED from src/main/AndroidManifest.xml:21:5-152:19
MERGED from [com.airbnb.android:lottie:2.5.1] AndroidManifest.xml:12:5-20
MERGED from [com.airbnb.android:lottie:2.5.1] AndroidManifest.xml:12:5-20
MERGED from [com.github.santalu:aspect-ratio-imageview:1.0.3] AndroidManifest.xml:12:5-20
MERGED from [com.github.santalu:aspect-ratio-imageview:1.0.3] AndroidManifest.xml:12:5-20
MERGED from [com.github.esafirm.android-image-picker:imagepicker:1.12.0] AndroidManifest.xml:15:5-30:19
MERGED from [com.github.esafirm.android-image-picker:imagepicker:1.12.0] AndroidManifest.xml:15:5-30:19
MERGED from [com.riyagayasen.android:easyaccordion:1.0.3] AndroidManifest.xml:11:5-15:19
MERGED from [com.riyagayasen.android:easyaccordion:1.0.3] AndroidManifest.xml:11:5-15:19
MERGED from [com.android.support.constraint:constraint-layout:1.1.0] AndroidManifest.xml:9:5-20
MERGED from [com.android.support.constraint:constraint-layout:1.1.0] AndroidManifest.xml:9:5-20
MERGED from [com.squareup.picasso:picasso:2.71828] AndroidManifest.xml:7:5-12:19
MERGED from [com.squareup.picasso:picasso:2.71828] AndroidManifest.xml:7:5-12:19
MERGED from [com.google.android.gms:play-services-maps:15.0.0] AndroidManifest.xml:30:5-20
MERGED from [com.google.android.gms:play-services-maps:15.0.0] AndroidManifest.xml:30:5-20
MERGED from [com.journeyapps:zxing-android-embedded:3.2.0] AndroidManifest.xml:45:5-53:19
MERGED from [com.journeyapps:zxing-android-embedded:3.2.0] AndroidManifest.xml:45:5-53:19
MERGED from [com.google.firebase:firebase-core:15.0.0] AndroidManifest.xml:7:5-20
MERGED from [com.google.firebase:firebase-core:15.0.0] AndroidManifest.xml:7:5-20
MERGED from [com.google.firebase:firebase-analytics:15.0.2] AndroidManifest.xml:28:5-53:19
MERGED from [com.google.firebase:firebase-analytics:15.0.2] AndroidManifest.xml:28:5-53:19
MERGED from [com.google.firebase:firebase-analytics-impl:15.0.2] AndroidManifest.xml:28:5-39:19
MERGED from [com.google.firebase:firebase-analytics-impl:15.0.2] AndroidManifest.xml:28:5-39:19
MERGED from [com.google.firebase:firebase-iid:15.1.0] AndroidManifest.xml:34:5-63:19
MERGED from [com.google.firebase:firebase-iid:15.1.0] AndroidManifest.xml:34:5-63:19
MERGED from [com.google.firebase:firebase-iid-interop:15.0.0] AndroidManifest.xml:7:5-8:19
MERGED from [com.google.firebase:firebase-iid-interop:15.0.0] AndroidManifest.xml:7:5-8:19
MERGED from [com.google.android.gms:play-services-base:15.0.1] AndroidManifest.xml:22:5-27:19
MERGED from [com.google.android.gms:play-services-base:15.0.1] AndroidManifest.xml:22:5-27:19
MERGED from [com.google.firebase:firebase-common:15.0.1] AndroidManifest.xml:7:5-13:19
MERGED from [com.google.firebase:firebase-common:15.0.1] AndroidManifest.xml:7:5-13:19
MERGED from [com.google.android.gms:play-services-tasks:15.0.1] AndroidManifest.xml:7:5-20
MERGED from [com.google.android.gms:play-services-tasks:15.0.1] AndroidManifest.xml:7:5-20
MERGED from [com.google.android.gms:play-services-stats:15.0.1] AndroidManifest.xml:7:5-20
MERGED from [com.google.android.gms:play-services-stats:15.0.1] AndroidManifest.xml:7:5-20
MERGED from [com.google.android.gms:play-services-ads-identifier:15.0.1] AndroidManifest.xml:22:5-20
MERGED from [com.google.android.gms:play-services-ads-identifier:15.0.1] AndroidManifest.xml:22:5-20
MERGED from [com.google.android.gms:play-services-basement:15.0.1] AndroidManifest.xml:22:5-26:19
MERGED from [com.google.android.gms:play-services-basement:15.0.1] AndroidManifest.xml:22:5-26:19
MERGED from [io.supercharge:shimmerlayout:2.1.0] AndroidManifest.xml:12:5-20
MERGED from [io.supercharge:shimmerlayout:2.1.0] AndroidManifest.xml:12:5-20
MERGED from [com.github.bumptech.glide:glide:4.5.0] AndroidManifest.xml:11:5-20
MERGED from [com.github.bumptech.glide:glide:4.5.0] AndroidManifest.xml:11:5-20
MERGED from [com.github.bumptech.glide:gifdecoder:4.5.0] AndroidManifest.xml:9:5-20
MERGED from [com.github.bumptech.glide:gifdecoder:4.5.0] AndroidManifest.xml:9:5-20
MERGED from [com.google.android.gms:play-services-measurement-base:15.0.2] AndroidManifest.xml:22:5-20
MERGED from [com.google.android.gms:play-services-measurement-base:15.0.2] AndroidManifest.xml:22:5-20
	android:supportsRtl
		ADDED from src/main/AndroidManifest.xml:26:9-35
	android:label
		ADDED from src/main/AndroidManifest.xml:24:9-41
	android:roundIcon
		ADDED from src/main/AndroidManifest.xml:25:9-54
	android:largeHeap
		ADDED from src/main/AndroidManifest.xml:27:9-33
	android:icon
		ADDED from src/main/AndroidManifest.xml:23:9-38
	android:allowBackup
		ADDED from src/main/AndroidManifest.xml:22:9-35
	android:theme
		ADDED from src/main/AndroidManifest.xml:28:9-40
activity#com.clikshow.Splash
ADDED from src/main/AndroidManifest.xml:29:9-36:20
	android:screenOrientation
		ADDED from src/main/AndroidManifest.xml:31:13-49
	android:name
		ADDED from src/main/AndroidManifest.xml:30:13-35
intent-filter#action:name:android.intent.action.MAIN+category:name:android.intent.category.LAUNCHER
ADDED from src/main/AndroidManifest.xml:32:13-35:29
action#android.intent.action.MAIN
ADDED from src/main/AndroidManifest.xml:33:17-69
	android:name
		ADDED from src/main/AndroidManifest.xml:33:25-66
category#android.intent.category.LAUNCHER
ADDED from src/main/AndroidManifest.xml:34:17-77
	android:name
		ADDED from src/main/AndroidManifest.xml:34:27-74
activity#com.clikshow.Login.View_Login
ADDED from src/main/AndroidManifest.xml:37:9-40:67
	android:screenOrientation
		ADDED from src/main/AndroidManifest.xml:39:13-49
	android:windowSoftInputMode
		ADDED from src/main/AndroidManifest.xml:40:13-64
	android:name
		ADDED from src/main/AndroidManifest.xml:38:13-45
activity#com.clikshow.Profile.View_Cadastro_Novo_Usuario
ADDED from src/main/AndroidManifest.xml:41:9-44:58
	android:screenOrientation
		ADDED from src/main/AndroidManifest.xml:43:13-49
	android:windowSoftInputMode
		ADDED from src/main/AndroidManifest.xml:44:13-55
	android:name
		ADDED from src/main/AndroidManifest.xml:42:13-63
activity#com.clikshow.Profile.View_Editar_Usuario
ADDED from src/main/AndroidManifest.xml:45:9-48:57
	android:screenOrientation
		ADDED from src/main/AndroidManifest.xml:47:13-49
	android:windowSoftInputMode
		ADDED from src/main/AndroidManifest.xml:48:13-54
	android:name
		ADDED from src/main/AndroidManifest.xml:46:13-56
activity#com.clikshow.Profile.View_Pagamento_Profile
ADDED from src/main/AndroidManifest.xml:49:9-52:67
	android:screenOrientation
		ADDED from src/main/AndroidManifest.xml:51:13-49
	android:windowSoftInputMode
		ADDED from src/main/AndroidManifest.xml:52:13-64
	android:name
		ADDED from src/main/AndroidManifest.xml:50:13-59
activity#com.clikshow.IUGU.Models.Views.CadastrarCartaoClass
ADDED from src/main/AndroidManifest.xml:53:9-56:57
	android:screenOrientation
		ADDED from src/main/AndroidManifest.xml:55:13-49
	android:windowSoftInputMode
		ADDED from src/main/AndroidManifest.xml:56:13-54
	android:name
		ADDED from src/main/AndroidManifest.xml:54:13-67
activity#com.clikshow.SMS.View_Digita_Cellphone
ADDED from src/main/AndroidManifest.xml:57:9-60:67
	android:screenOrientation
		ADDED from src/main/AndroidManifest.xml:59:13-49
	android:windowSoftInputMode
		ADDED from src/main/AndroidManifest.xml:60:13-64
	android:name
		ADDED from src/main/AndroidManifest.xml:58:13-54
activity#com.clikshow.SMS.View_SMS_Code
ADDED from src/main/AndroidManifest.xml:61:9-64:67
	android:screenOrientation
		ADDED from src/main/AndroidManifest.xml:63:13-49
	android:windowSoftInputMode
		ADDED from src/main/AndroidManifest.xml:64:13-64
	android:name
		ADDED from src/main/AndroidManifest.xml:62:13-46
activity#com.clikshow.Views.View_Principal
ADDED from src/main/AndroidManifest.xml:65:9-68:67
	android:screenOrientation
		ADDED from src/main/AndroidManifest.xml:67:13-49
	android:windowSoftInputMode
		ADDED from src/main/AndroidManifest.xml:68:13-64
	android:name
		ADDED from src/main/AndroidManifest.xml:66:13-49
activity#com.clikshow.Login.View_Recovery_Password
ADDED from src/main/AndroidManifest.xml:69:9-72:67
	android:screenOrientation
		ADDED from src/main/AndroidManifest.xml:71:13-49
	android:windowSoftInputMode
		ADDED from src/main/AndroidManifest.xml:72:13-64
	android:name
		ADDED from src/main/AndroidManifest.xml:70:13-57
activity#com.clikshow.Carrinho.View_Carrinho
ADDED from src/main/AndroidManifest.xml:73:9-76:67
	android:screenOrientation
		ADDED from src/main/AndroidManifest.xml:75:13-49
	android:windowSoftInputMode
		ADDED from src/main/AndroidManifest.xml:76:13-64
	android:name
		ADDED from src/main/AndroidManifest.xml:74:13-51
activity#com.clikshow.Views.View_Detalhe_Evento
ADDED from src/main/AndroidManifest.xml:77:9-80:57
	android:screenOrientation
		ADDED from src/main/AndroidManifest.xml:79:13-49
	android:windowSoftInputMode
		ADDED from src/main/AndroidManifest.xml:80:13-54
	android:name
		ADDED from src/main/AndroidManifest.xml:78:13-54
activity#com.clikshow.Views.View_Foto_Evento_Zoom
ADDED from src/main/AndroidManifest.xml:82:9-65
	android:name
		ADDED from src/main/AndroidManifest.xml:82:19-62
activity#com.clikshow.Views.View_Ajuda
ADDED from src/main/AndroidManifest.xml:84:9-85:51
	android:screenOrientation
		ADDED from src/main/AndroidManifest.xml:85:13-49
	android:name
		ADDED from src/main/AndroidManifest.xml:84:19-51
activity#com.clikshow.Views.View_Sobre
ADDED from src/main/AndroidManifest.xml:87:9-88:51
	android:screenOrientation
		ADDED from src/main/AndroidManifest.xml:88:13-49
	android:name
		ADDED from src/main/AndroidManifest.xml:87:19-51
activity#com.clikshow.Profile.View_Servicos_Profile
ADDED from src/main/AndroidManifest.xml:90:9-91:51
	android:screenOrientation
		ADDED from src/main/AndroidManifest.xml:91:13-49
	android:name
		ADDED from src/main/AndroidManifest.xml:90:19-64
activity#com.clikshow.Views.View_Ingresso
ADDED from src/main/AndroidManifest.xml:93:9-94:51
	android:screenOrientation
		ADDED from src/main/AndroidManifest.xml:94:13-49
	android:name
		ADDED from src/main/AndroidManifest.xml:93:19-54
activity#com.clikshow.Views.View_Lista_Amigos_ClikSocial
ADDED from src/main/AndroidManifest.xml:96:9-98:69
	android:screenOrientation
		ADDED from src/main/AndroidManifest.xml:97:13-49
	android:windowSoftInputMode
		ADDED from src/main/AndroidManifest.xml:98:13-67
	android:name
		ADDED from src/main/AndroidManifest.xml:96:19-69
activity#com.clikshow.ClikPortaria.Views.View_Valida_Ingresso_Portaria
ADDED from src/main/AndroidManifest.xml:100:9-101:51
	android:screenOrientation
		ADDED from src/main/AndroidManifest.xml:101:13-49
	android:name
		ADDED from src/main/AndroidManifest.xml:100:19-83
activity#com.clikshow.Views.View_Search
ADDED from src/main/AndroidManifest.xml:103:9-105:69
	android:screenOrientation
		ADDED from src/main/AndroidManifest.xml:104:13-49
	android:windowSoftInputMode
		ADDED from src/main/AndroidManifest.xml:105:13-67
	android:name
		ADDED from src/main/AndroidManifest.xml:103:19-52
activity#com.clikshow.Views.View_Resultado_Search
ADDED from src/main/AndroidManifest.xml:107:9-108:51
	android:screenOrientation
		ADDED from src/main/AndroidManifest.xml:108:13-49
	android:name
		ADDED from src/main/AndroidManifest.xml:107:19-62
activity#com.clikshow.Views.View_Termos_Condicoes
ADDED from src/main/AndroidManifest.xml:110:9-111:51
	android:screenOrientation
		ADDED from src/main/AndroidManifest.xml:111:13-49
	android:name
		ADDED from src/main/AndroidManifest.xml:110:19-62
activity#com.clikshow.Views.View_Politica_Privacidade
ADDED from src/main/AndroidManifest.xml:113:9-114:51
	android:screenOrientation
		ADDED from src/main/AndroidManifest.xml:114:13-49
	android:name
		ADDED from src/main/AndroidManifest.xml:113:19-66
meta-data#com.google.android.geo.API_KEY
ADDED from src/main/AndroidManifest.xml:116:9-118:55
	android:value
		ADDED from src/main/AndroidManifest.xml:118:13-52
	android:name
		ADDED from src/main/AndroidManifest.xml:117:13-58
activity#com.theartofdev.edmodo.cropper.CropImageActivity
ADDED from src/main/AndroidManifest.xml:120:9-121:58
	android:theme
		ADDED from src/main/AndroidManifest.xml:121:13-56
	android:name
		ADDED from src/main/AndroidManifest.xml:120:19-82
activity#com.clikshow.ClikBIlheteria.Impressora.Lista_Impressoras_BlueTooth
ADDED from src/main/AndroidManifest.xml:128:9-129:51
	android:screenOrientation
		ADDED from src/main/AndroidManifest.xml:129:13-49
	android:name
		ADDED from src/main/AndroidManifest.xml:128:19-88
activity#com.clikshow.ClikBIlheteria.Views.View_Lista_Ingressos_Bilheteria
ADDED from src/main/AndroidManifest.xml:131:9-132:51
	android:screenOrientation
		ADDED from src/main/AndroidManifest.xml:132:13-49
	android:name
		ADDED from src/main/AndroidManifest.xml:131:19-87
activity#com.clikshow.ClikBIlheteria.Views.View_Revendedor
ADDED from src/main/AndroidManifest.xml:134:9-135:51
	android:screenOrientation
		ADDED from src/main/AndroidManifest.xml:135:13-49
	android:name
		ADDED from src/main/AndroidManifest.xml:134:19-71
activity#com.clikshow.ClikBIlheteria.Views.View_Coordenador
ADDED from src/main/AndroidManifest.xml:137:9-139:57
	android:screenOrientation
		ADDED from src/main/AndroidManifest.xml:138:13-49
	android:windowSoftInputMode
		ADDED from src/main/AndroidManifest.xml:139:13-55
	android:name
		ADDED from src/main/AndroidManifest.xml:137:19-72
activity#com.clikshow.ClikBIlheteria.Views.View_Ingresso_Impressora
ADDED from src/main/AndroidManifest.xml:141:9-144:51
	android:screenOrientation
		ADDED from src/main/AndroidManifest.xml:144:13-49
	android:resizeableActivity
		ADDED from src/main/AndroidManifest.xml:143:13-46
	android:theme
		ADDED from src/main/AndroidManifest.xml:142:13-72
	android:name
		ADDED from src/main/AndroidManifest.xml:141:19-80
activity#com.clikshow.ClikPortaria.Views.View_Principal_Portaria
ADDED from src/main/AndroidManifest.xml:149:9-150:51
	android:screenOrientation
		ADDED from src/main/AndroidManifest.xml:150:13-49
	android:name
		ADDED from src/main/AndroidManifest.xml:149:19-77
uses-sdk
INJECTED from src/main/AndroidManifest.xml reason: use-sdk injection requested
INJECTED from src/main/AndroidManifest.xml
INJECTED from src/main/AndroidManifest.xml
MERGED from [com.airbnb.android:lottie:2.5.1] AndroidManifest.xml:8:5-10:41
MERGED from [com.airbnb.android:lottie:2.5.1] AndroidManifest.xml:8:5-10:41
MERGED from [com.android.support:design:27.1.1] AndroidManifest.xml:20:5-44
MERGED from [com.android.support:design:27.1.1] AndroidManifest.xml:20:5-44
MERGED from [com.amitshekhar.android:android-networking:1.0.1] AndroidManifest.xml:23:5-25:41
MERGED from [com.amitshekhar.android:android-networking:1.0.1] AndroidManifest.xml:23:5-25:41
MERGED from [com.github.santalu:aspect-ratio-imageview:1.0.3] AndroidManifest.xml:8:5-10:41
MERGED from [com.github.santalu:aspect-ratio-imageview:1.0.3] AndroidManifest.xml:8:5-10:41
MERGED from [com.jsibbold:zoomage:1.1.0] AndroidManifest.xml:8:5-10:41
MERGED from [com.jsibbold:zoomage:1.1.0] AndroidManifest.xml:8:5-10:41
MERGED from [com.github.esafirm.android-image-picker:imagepicker:1.12.0] AndroidManifest.xml:7:5-9:41
MERGED from [com.github.esafirm.android-image-picker:imagepicker:1.12.0] AndroidManifest.xml:7:5-9:41
MERGED from [com.riyagayasen.android:easyaccordion:1.0.3] AndroidManifest.xml:7:5-9:41
MERGED from [com.riyagayasen.android:easyaccordion:1.0.3] AndroidManifest.xml:7:5-9:41
MERGED from [com.theartofdev.edmodo:android-image-cropper:2.7.0] AndroidManifest.xml:7:5-9:41
MERGED from [com.theartofdev.edmodo:android-image-cropper:2.7.0] AndroidManifest.xml:7:5-9:41
MERGED from [com.android.support:appcompat-v7:27.1.1] AndroidManifest.xml:20:5-44
MERGED from [com.android.support:appcompat-v7:27.1.1] AndroidManifest.xml:20:5-44
MERGED from [com.android.support.constraint:constraint-layout:1.1.0] AndroidManifest.xml:5:5-7:41
MERGED from [com.android.support.constraint:constraint-layout:1.1.0] AndroidManifest.xml:5:5-7:41
MERGED from [jp.wasabeef:picasso-transformations:2.2.1] AndroidManifest.xml:8:5-10:41
MERGED from [jp.wasabeef:picasso-transformations:2.2.1] AndroidManifest.xml:8:5-10:41
MERGED from [com.squareup.picasso:picasso:2.71828] AndroidManifest.xml:5:5-44
MERGED from [com.squareup.picasso:picasso:2.71828] AndroidManifest.xml:5:5-44
MERGED from [com.google.android.gms:play-services-maps:15.0.0] AndroidManifest.xml:20:5-44
MERGED from [com.google.android.gms:play-services-maps:15.0.0] AndroidManifest.xml:20:5-44
MERGED from [com.journeyapps:zxing-android-embedded:3.2.0] AndroidManifest.xml:19:5-43
MERGED from [com.journeyapps:zxing-android-embedded:3.2.0] AndroidManifest.xml:19:5-43
MERGED from [me.relex:circleindicator:1.2.2] AndroidManifest.xml:8:5-10:41
MERGED from [me.relex:circleindicator:1.2.2] AndroidManifest.xml:8:5-10:41
MERGED from [com.android.support:cardview-v7:27.1.1] AndroidManifest.xml:20:5-44
MERGED from [com.android.support:cardview-v7:27.1.1] AndroidManifest.xml:20:5-44
MERGED from [com.alibaba.android:ultraviewpager:1.0.7.7] AndroidManifest.xml:32:5-34:41
MERGED from [com.alibaba.android:ultraviewpager:1.0.7.7] AndroidManifest.xml:32:5-34:41
MERGED from [com.google.firebase:firebase-core:15.0.0] AndroidManifest.xml:5:5-44
MERGED from [com.google.firebase:firebase-core:15.0.0] AndroidManifest.xml:5:5-44
MERGED from [com.google.firebase:firebase-analytics:15.0.2] AndroidManifest.xml:20:5-44
MERGED from [com.google.firebase:firebase-analytics:15.0.2] AndroidManifest.xml:20:5-44
MERGED from [com.google.firebase:firebase-analytics-impl:15.0.2] AndroidManifest.xml:20:5-44
MERGED from [com.google.firebase:firebase-analytics-impl:15.0.2] AndroidManifest.xml:20:5-44
MERGED from [com.google.firebase:firebase-iid:15.1.0] AndroidManifest.xml:20:5-44
MERGED from [com.google.firebase:firebase-iid:15.1.0] AndroidManifest.xml:20:5-44
MERGED from [com.google.firebase:firebase-iid-interop:15.0.0] AndroidManifest.xml:5:5-44
MERGED from [com.google.firebase:firebase-iid-interop:15.0.0] AndroidManifest.xml:5:5-44
MERGED from [com.google.android.gms:play-services-base:15.0.1] AndroidManifest.xml:20:5-44
MERGED from [com.google.android.gms:play-services-base:15.0.1] AndroidManifest.xml:20:5-44
MERGED from [com.google.firebase:firebase-common:15.0.1] AndroidManifest.xml:5:5-44
MERGED from [com.google.firebase:firebase-common:15.0.1] AndroidManifest.xml:5:5-44
MERGED from [com.google.android.gms:play-services-tasks:15.0.1] AndroidManifest.xml:5:5-44
MERGED from [com.google.android.gms:play-services-tasks:15.0.1] AndroidManifest.xml:5:5-44
MERGED from [com.google.android.gms:play-services-stats:15.0.1] AndroidManifest.xml:5:5-44
MERGED from [com.google.android.gms:play-services-stats:15.0.1] AndroidManifest.xml:5:5-44
MERGED from [com.google.android.gms:play-services-ads-identifier:15.0.1] AndroidManifest.xml:20:5-44
MERGED from [com.google.android.gms:play-services-ads-identifier:15.0.1] AndroidManifest.xml:20:5-44
MERGED from [com.google.android.gms:play-services-basement:15.0.1] AndroidManifest.xml:20:5-44
MERGED from [com.google.android.gms:play-services-basement:15.0.1] AndroidManifest.xml:20:5-44
MERGED from [com.github.barteksc:android-pdf-viewer:2.8.2] AndroidManifest.xml:7:5-9:41
MERGED from [com.github.barteksc:android-pdf-viewer:2.8.2] AndroidManifest.xml:7:5-9:41
MERGED from [com.github.barteksc:pdfium-android:1.7.1] AndroidManifest.xml:7:5-9:41
MERGED from [com.github.barteksc:pdfium-android:1.7.1] AndroidManifest.xml:7:5-9:41
MERGED from [com.android.support:support-v4:27.1.1] AndroidManifest.xml:20:5-44
MERGED from [com.android.support:support-v4:27.1.1] AndroidManifest.xml:20:5-44
MERGED from [jp.wasabeef:recyclerview-animators:2.3.0] AndroidManifest.xml:8:5-10:41
MERGED from [jp.wasabeef:recyclerview-animators:2.3.0] AndroidManifest.xml:8:5-10:41
MERGED from [io.supercharge:shimmerlayout:2.1.0] AndroidManifest.xml:8:5-10:41
MERGED from [io.supercharge:shimmerlayout:2.1.0] AndroidManifest.xml:8:5-10:41
MERGED from [com.android.support:transition:27.1.1] AndroidManifest.xml:20:5-44
MERGED from [com.android.support:transition:27.1.1] AndroidManifest.xml:20:5-44
MERGED from [com.github.bumptech.glide:glide:4.5.0] AndroidManifest.xml:7:5-9:41
MERGED from [com.github.bumptech.glide:glide:4.5.0] AndroidManifest.xml:7:5-9:41
MERGED from [com.github.bumptech.glide:gifdecoder:4.5.0] AndroidManifest.xml:5:5-7:41
MERGED from [com.github.bumptech.glide:gifdecoder:4.5.0] AndroidManifest.xml:5:5-7:41